"C:/Users/sls82/Desktop/vrproj/Content/Textures/Ground/tex_grass_diff.uasset" 0
"C:/Users/sls82/Desktop/vrproj/Content/Textures/Ground/tex_grass_n.uasset" 1
"C:/Users/sls82/Desktop/vrproj/Content/Backdrop.uasset" 2
"C:/Users/sls82/Desktop/vrproj/Content/Grass1.uasset" 3
"C:/Users/sls82/Desktop/vrproj/Content/StarterContent/Textures/T_Ground_Gravel_D.uasset" 4
"C:/Users/sls82/Desktop/vrproj/Content/StarterContent/Textures/T_Ground_Gravel_N.uasset" 5
"C:/Users/sls82/Desktop/vrproj/Content/StarterContent/Textures/T_Rock_Basalt_D.uasset" 6
"C:/Users/sls82/Desktop/vrproj/Content/StarterContent/Textures/T_Rock_Basalt_N.uasset" 7
"C:/Users/sls82/Desktop/vrproj/Content/StarterContent/Textures/T_Rock_Slate_D.uasset" 8
"C:/Users/sls82/Desktop/vrproj/Content/StarterContent/Textures/T_Rock_Slate_N.uasset" 9
"C:/Users/sls82/Desktop/vrproj/Content/Landscape.uasset" 10
"C:/Users/sls82/Desktop/vrproj/Content/Grass.uasset" 11
"C:/Users/sls82/Desktop/vrproj/Content/windmill_normal.uasset" 12
"C:/Users/sls82/Desktop/vrproj/Content/windmill_spec.uasset" 13
"C:/Users/sls82/Desktop/vrproj/Content/WoodCabinNM.uasset" 14
"C:/Users/sls82/Desktop/vrproj/Content/WoodCabinSM.uasset" 15
"C:/Users/sls82/Desktop/vrproj/Content/WoodCabinDif.uasset" 16
"C:/Users/sls82/Desktop/vrproj/Content/CabinMat__WoodCabinDif_jpg.uasset" 17
"C:/Users/sls82/Desktop/vrproj/Content/WoodenCabinFbx_Roof.uasset" 18
"C:/Users/sls82/Desktop/vrproj/Content/WoodenCabinFbx_WoodCabin.uasset" 19
"C:/Users/sls82/Desktop/vrproj/Content/Geometry/Meshes/CubeMaterial.uasset" 20
"C:/Users/sls82/Desktop/vrproj/Content/Geometry/Meshes/1M_Cube_Chamfer.uasset" 21
"C:/Users/sls82/Desktop/vrproj/Content/Geometry/Meshes/TemplateFloor.uasset" 22
"../../../Engine/Content/ArtTools/RenderToTexture/MaterialFunctions/FlipbookWind.uasset" 23
"C:/Users/sls82/Desktop/vrproj/Content/Textures/Placeholder/tex_diffuse.uasset" 24
"C:/Users/sls82/Desktop/vrproj/Content/Material/Master_Material/M_grass_basic.uasset" 25
"C:/Users/sls82/Desktop/vrproj/Content/Textures/Grass_Flower/tex_flower_red_diff.uasset" 26
"C:/Users/sls82/Desktop/vrproj/Content/Material/Child_Material/M_flower_basic_red_Inst.uasset" 27
"C:/Users/sls82/Desktop/vrproj/Content/Meshes/Flowers/SM_grass_flower1.uasset" 28
"C:/Users/sls82/Desktop/vrproj/Content/Meshes/Flowers/SM_grass_flower2.uasset" 29
"C:/Users/sls82/Desktop/vrproj/Content/Meshes/Flowers/SM_grass_flower3.uasset" 30
"C:/Users/sls82/Desktop/vrproj/Content/Meshes/Flowers/SM_grass_flower4.uasset" 31
"C:/Users/sls82/Desktop/vrproj/Content/Meshes/Flowers/SM_grass_flower5.uasset" 32
"C:/Users/sls82/Desktop/vrproj/Content/Meshes/Flowers/SM_grass_flower6.uasset" 33
"C:/Users/sls82/Desktop/vrproj/Content/Meshes/Flowers/SM_grass_patch_flower1.uasset" 34
"C:/Users/sls82/Desktop/vrproj/Content/Meshes/Flowers/SM_grass_patch_flower2.uasset" 35
"C:/Users/sls82/Desktop/vrproj/Content/Meshes/Flowers/SM_grass_patch_flower3.uasset" 36
"C:/Users/sls82/Desktop/vrproj/Content/Meshes/Flowers/SM_grass_patch_flower4.uasset" 37
"C:/Users/sls82/Desktop/vrproj/Content/Meshes/Flowers/SM_grass_patch_flower5.uasset" 38
"C:/Users/sls82/Desktop/vrproj/Content/Meshes/Flowers/SM_grass_patch_flower6.uasset" 39
"C:/Users/sls82/Desktop/vrproj/Content/Textures/Grass_Flower/tex_grass_diff.uasset" 40
"C:/Users/sls82/Desktop/vrproj/Content/Material/Child_Material/M_grass_basic_Inst.uasset" 41
"C:/Users/sls82/Desktop/vrproj/Content/Meshes/Grass/SM_grass1.uasset" 42
"C:/Users/sls82/Desktop/vrproj/Content/Meshes/Grass/SM_grass2.uasset" 43
"C:/Users/sls82/Desktop/vrproj/Content/Meshes/Grass/SM_grass4.uasset" 44
"C:/Users/sls82/Desktop/vrproj/Content/Meshes/Grass/SM_grass5.uasset" 45
"C:/Users/sls82/Desktop/vrproj/Content/Meshes/Grass/SM_grass_patch2.uasset" 46
"C:/Users/sls82/Desktop/vrproj/Content/Meshes/Grass/SM_grass_patch3.uasset" 47
"C:/Users/sls82/Desktop/vrproj/Content/Meshes/Grass/SM_grass_patch4.uasset" 48
"C:/Users/sls82/Desktop/vrproj/Content/Meshes/Grass/SM_grass_patch5.uasset" 49
"C:/Users/sls82/Desktop/vrproj/Content/Meshes/Grass/SM_grass6.uasset" 50
"C:/Users/sls82/Desktop/vrproj/Content/Meshes/Grass/SM_grass_patch6.uasset" 51
"C:/Users/sls82/Desktop/vrproj/Content/StarterContent/Materials/M_Basic_Wall.uasset" 52
"C:/Users/sls82/Desktop/vrproj/Content/StarterContent/Architecture/Pillar_50x500.uasset" 53
"C:/Users/sls82/Desktop/vrproj/Content/StarterContent/Architecture/Wall_400x300.uasset" 54
"C:/Users/sls82/Desktop/vrproj/Content/StarterContent/Architecture/Wall_400x400.uasset" 55
"C:/Users/sls82/Desktop/vrproj/Content/StarterContent/Architecture/Wall_500x500.uasset" 56
"C:/Users/sls82/Desktop/vrproj/Content/StarterContent/Architecture/Wall_Door_400x400.uasset" 57
"C:/Users/sls82/Desktop/vrproj/Content/StarterContent/Architecture/Wall_Window_400x400.uasset" 58
"C:/Users/sls82/Desktop/vrproj/Content/StarterContent/Audio/Collapse01.uasset" 59
"C:/Users/sls82/Desktop/vrproj/Content/StarterContent/Audio/Collapse02.uasset" 60
"C:/Users/sls82/Desktop/vrproj/Content/StarterContent/Audio/Explosion01.uasset" 61
"C:/Users/sls82/Desktop/vrproj/Content/StarterContent/Audio/Explosion02.uasset" 62
"C:/Users/sls82/Desktop/vrproj/Content/StarterContent/Audio/Fire01.uasset" 63
"C:/Users/sls82/Desktop/vrproj/Content/StarterContent/Audio/Fire_Sparks01.uasset" 64
"C:/Users/sls82/Desktop/vrproj/Content/StarterContent/Audio/Light01.uasset" 65
"C:/Users/sls82/Desktop/vrproj/Content/StarterContent/Audio/Light01_Cue.uasset" 66
"C:/Users/sls82/Desktop/vrproj/Content/StarterContent/Audio/Light02.uasset" 67
"C:/Users/sls82/Desktop/vrproj/Content/StarterContent/Audio/Light02_Cue.uasset" 68
"C:/Users/sls82/Desktop/vrproj/Content/StarterContent/Audio/Smoke01.uasset" 69
"C:/Users/sls82/Desktop/vrproj/Content/StarterContent/Audio/Starter_Birds01.uasset" 70
"C:/Users/sls82/Desktop/vrproj/Content/StarterContent/Audio/Starter_Music01.uasset" 71
"C:/Users/sls82/Desktop/vrproj/Content/StarterContent/Audio/Starter_Wind05.uasset" 72
"C:/Users/sls82/Desktop/vrproj/Content/StarterContent/Audio/Starter_Wind06.uasset" 73
"C:/Users/sls82/Desktop/vrproj/Content/StarterContent/Audio/Steam01.uasset" 74
"C:/Users/sls82/Desktop/vrproj/Content/StarterContent/Audio/Explosion_Cue.uasset" 75
"C:/Users/sls82/Desktop/vrproj/Content/StarterContent/Textures/T_Burst_M.uasset" 76
"C:/Users/sls82/Desktop/vrproj/Content/StarterContent/Particles/Materials/M_Burst.uasset" 77
"C:/Users/sls82/Desktop/vrproj/Content/StarterContent/Textures/T_Explosion_SubUV.uasset" 78
"C:/Users/sls82/Desktop/vrproj/Content/StarterContent/Particles/Materials/M_explosion_subUV.uasset" 79
"C:/Users/sls82/Desktop/vrproj/Content/StarterContent/Particles/Materials/m_flare_01.uasset" 80
"../../../Engine/Content/Functions/Engine_MaterialFunctions01/Gradient/RadialGradient.uasset" 81
"C:/Users/sls82/Desktop/vrproj/Content/StarterContent/Particles/Materials/M_radial_ramp.uasset" 82
"C:/Users/sls82/Desktop/vrproj/Content/StarterContent/Textures/T_Smoke_SubUV.uasset" 83
"C:/Users/sls82/Desktop/vrproj/Content/StarterContent/Textures/T_Smoke_Tiled_D.uasset" 84
"C:/Users/sls82/Desktop/vrproj/Content/StarterContent/Particles/Materials/M_smoke_subUV.uasset" 85
"C:/Users/sls82/Desktop/vrproj/Content/StarterContent/Particles/P_Explosion.uasset" 86
"C:/Users/sls82/Desktop/vrproj/Content/StarterContent/Blueprints/Blueprint_Effect_Explosion.uasset" 87
"../../../Engine/Content/EditorMeshes/ColorCalibrator/T_ColorGrid.uasset" 88
"C:/Users/sls82/Desktop/vrproj/Content/StarterContent/Materials/M_ColorGrid_LowSpec.uasset" 89
"C:/Users/sls82/Desktop/vrproj/Content/StarterContent/Textures/T_Bush_D.uasset" 90
"C:/Users/sls82/Desktop/vrproj/Content/StarterContent/Textures/T_Bush_N.uasset" 91
"C:/Users/sls82/Desktop/vrproj/Content/StarterContent/Props/Materials/M_Bush.uasset" 92
"C:/Users/sls82/Desktop/vrproj/Content/StarterContent/Props/SM_Bush.uasset" 93
"C:/Users/sls82/Desktop/vrproj/Content/StarterContent/Textures/T_Chair_M.uasset" 94
"C:/Users/sls82/Desktop/vrproj/Content/StarterContent/Textures/T_Chair_N.uasset" 95
"C:/Users/sls82/Desktop/vrproj/Content/StarterContent/Props/Materials/M_Chair.uasset" 96
"C:/Users/sls82/Desktop/vrproj/Content/StarterContent/Props/SM_Couch.uasset" 97
"C:/Users/sls82/Desktop/vrproj/Content/StarterContent/Materials/M_Glass.uasset" 98
"C:/Users/sls82/Desktop/vrproj/Content/StarterContent/Textures/T_Door_M.uasset" 99
"C:/Users/sls82/Desktop/vrproj/Content/StarterContent/Textures/T_Door_N.uasset" 100
"C:/Users/sls82/Desktop/vrproj/Content/StarterContent/Props/Materials/M_Door.uasset" 101
"C:/Users/sls82/Desktop/vrproj/Content/StarterContent/Props/SM_Door.uasset" 102
"C:/Users/sls82/Desktop/vrproj/Content/StarterContent/Props/Materials/M_MaterialSphere.uasset" 103
"C:/Users/sls82/Desktop/vrproj/Content/StarterContent/Props/Materials/M_MaterialSphere_Plain.uasset" 104
"C:/Users/sls82/Desktop/vrproj/Content/StarterContent/Props/SM_MatPreviewMesh_02.uasset" 105
"../../../Engine/Content/Functions/Engine_MaterialFunctions02/Utility/BlendAngleCorrectedNormals.uasset" 106
"C:/Users/sls82/Desktop/vrproj/Content/StarterContent/Textures/T_Detail_Rocky_N.uasset" 107
"C:/Users/sls82/Desktop/vrproj/Content/StarterContent/Textures/T_RockMesh_M.uasset" 108
"C:/Users/sls82/Desktop/vrproj/Content/StarterContent/Textures/T_RockMesh_N.uasset" 109
"C:/Users/sls82/Desktop/vrproj/Content/StarterContent/Props/Materials/M_Rock.uasset" 110
"C:/Users/sls82/Desktop/vrproj/Content/StarterContent/Props/SM_Rock.uasset" 111
"C:/Users/sls82/Desktop/vrproj/Content/StarterContent/Textures/T_Shelf_M.uasset" 112
"C:/Users/sls82/Desktop/vrproj/Content/StarterContent/Textures/T_Shelf_N.uasset" 113
"C:/Users/sls82/Desktop/vrproj/Content/StarterContent/Props/Materials/M_Shelf.uasset" 114
"C:/Users/sls82/Desktop/vrproj/Content/StarterContent/Props/SM_Shelf.uasset" 115
"C:/Users/sls82/Desktop/vrproj/Content/StarterContent/Materials/M_Basic_Floor.uasset" 116
"C:/Users/sls82/Desktop/vrproj/Content/StarterContent/Props/SM_Stairs.uasset" 117
"C:/Users/sls82/Desktop/vrproj/Content/StarterContent/Shapes/Shape_Cone.uasset" 118
"C:/Users/sls82/Desktop/vrproj/Content/StarterContent/Shapes/Shape_Cylinder.uasset" 119
"C:/Users/sls82/Desktop/vrproj/Content/StarterContent/Shapes/Shape_NarrowCapsule.uasset" 120
"C:/Users/sls82/Desktop/vrproj/Content/StarterContent/Shapes/Shape_Pipe.uasset" 121
"C:/Users/sls82/Desktop/vrproj/Content/StarterContent/Shapes/Shape_Pipe_180.uasset" 122
"C:/Users/sls82/Desktop/vrproj/Content/StarterContent/Shapes/Shape_Pipe_90.uasset" 123
"C:/Users/sls82/Desktop/vrproj/Content/StarterContent/Shapes/Shape_Plane.uasset" 124
"C:/Users/sls82/Desktop/vrproj/Content/StarterContent/Shapes/Shape_Torus.uasset" 125
"C:/Users/sls82/Desktop/vrproj/Content/StarterContent/Shapes/Shape_Trim.uasset" 126
"C:/Users/sls82/Desktop/vrproj/Content/StarterContent/Shapes/Shape_Trim_90_In.uasset" 127
"C:/Users/sls82/Desktop/vrproj/Content/StarterContent/Shapes/Shape_Trim_90_Out.uasset" 128
"C:/Users/sls82/Desktop/vrproj/Content/StarterContent/Shapes/Shape_TriPyramid.uasset" 129
"C:/Users/sls82/Desktop/vrproj/Content/StarterContent/Shapes/Shape_Tube.uasset" 130
"C:/Users/sls82/Desktop/vrproj/Content/StarterContent/Shapes/Shape_Wedge_A.uasset" 131
"C:/Users/sls82/Desktop/vrproj/Content/StarterContent/Shapes/Shape_Wedge_B.uasset" 132
"C:/Users/sls82/Desktop/vrproj/Content/StarterContent/Shapes/Shape_WideCapsule.uasset" 133
"C:/Users/sls82/Desktop/vrproj/Content/WaterPlane/Ocean/Materials/FakedCaustics.uasset" 134
"C:/Users/sls82/Desktop/vrproj/Content/WaterPlane/Ocean/Textures/T_MicroWaves_N.uasset" 135
"C:/Users/sls82/Desktop/vrproj/Content/WaterPlane/Ocean/Textures/T_OceanFoam_01.uasset" 136
"../../../Engine/Content/Animation/DefaultAnimCurveCompressionSettings.uasset" 137
"../../../Engine/Content/Functions/Engine_MaterialFunctions01/Opacity/CameraDepthFade.uasset" 138
"../../../Engine/Content/EngineMaterials/T_Default_Material_Grid_M.uasset" 139
"../../../Engine/Content/EngineMaterials/T_Default_Material_Grid_N.uasset" 140
"../../../Engine/Content/EngineMaterials/WorldGridMaterial.uasset" 141
"../../../Engine/Content/ArtTools/RenderToTexture/Meshes/S_1_Unit_Plane.uasset" 142
"../../../Engine/Content/EngineMaterials/DefaultMaterial.uasset" 143
"../../../Engine/Content/BasicShapes/Cone.uasset" 144
"../../../Engine/Content/BasicShapes/Cube.uasset" 145
"../../../Engine/Content/BasicShapes/Plane.uasset" 146
"../../../Engine/Content/EditorLandscapeResources/DataLayer.uasset" 147
"../../../Engine/Content/EditorMaterials/GizmoMaterial.uasset" 148
"../../../Engine/Content/EditorMaterials/MAT_Groups_Toggle.uasset" 149
"../../../Engine/Content/EditorMaterials/MAT_Groups_Visibility.uasset" 150
"../../../Engine/Content/EditorMaterials/PreviewShadowIndicator.uasset" 151
"../../../Engine/Content/EditorMaterials/PreviewShadowIndicatorMaterial.uasset" 152
"../../../Engine/Content/EditorMaterials/MatineeGroups/MAT_ColorTrack.uasset" 153
"../../../Engine/Content/EditorMaterials/MatineeGroups/MAT_Groups_Anim.uasset" 154
"../../../Engine/Content/EditorMaterials/MatineeGroups/MAT_Groups_AudioMaster.uasset" 155
"../../../Engine/Content/EditorMaterials/MatineeGroups/MAT_Groups_Director.uasset" 156
"../../../Engine/Content/EditorMaterials/MatineeGroups/MAT_Groups_Event.uasset" 157
"../../../Engine/Content/EditorMaterials/MatineeGroups/MAT_Groups_Fade.uasset" 158
"../../../Engine/Content/EditorMaterials/MatineeGroups/MAT_Groups_Float.uasset" 159
"../../../Engine/Content/EditorMaterials/MatineeGroups/MAT_Groups_Move.uasset" 160
"../../../Engine/Content/EditorMaterials/MatineeGroups/MAT_Groups_Slomo.uasset" 161
"../../../Engine/Content/EditorMaterials/MatineeGroups/MAT_Groups_Sound.uasset" 162
"../../../Engine/Content/EditorMaterials/MatineeGroups/MAT_Groups_Vector.uasset" 163
"../../../Engine/Content/EditorMaterials/ParticleSystems/PSysThumbnail_NoImage.uasset" 164
"../../../Engine/Content/EditorMaterials/ParticleSystems/PSysThumbnail_OOD.uasset" 165
"../../../Engine/Content/EditorMaterials/Camera/CineMat.uasset" 166
"../../../Engine/Content/EditorMaterials/Camera/MI_CineMat_Rig.uasset" 167
"../../../Engine/Content/EditorMeshes/Camera/SM_CraneRig_Arm.uasset" 168
"../../../Engine/Content/EditorMeshes/Camera/SM_CraneRig_Base.uasset" 169
"../../../Engine/Content/EditorMeshes/Camera/SM_CraneRig_Body.uasset" 170
"../../../Engine/Content/EditorMeshes/Camera/SM_CraneRig_Mount.uasset" 171
"../../../Engine/Content/EditorMeshes/Camera/SM_RailRig_Mount.uasset" 172
"../../../Engine/Content/EditorMeshes/Camera/SM_RailRig_Track.uasset" 173
"../../../Engine/Content/EditorResources/BSPVertex.uasset" 174
"../../../Engine/Content/EditorResources/EmptyActor.uasset" 175
"../../../Engine/Content/EditorResources/S_Actor.uasset" 176
"../../../Engine/Content/EditorResources/S_Note.uasset" 177
"../../../Engine/Content/EditorResources/S_Solver.uasset" 178
"../../../Engine/Content/EditorResources/S_Trigger.uasset" 179
"../../../Engine/Content/EditorResources/AudioIcons/S_AudioComponent.uasset" 180
"../../../Engine/Content/EditorResources/AudioIcons/S_AudioComponent_AutoActivate.uasset" 181
"../../../Engine/Content/EditorResources/LightIcons/S_LightError.uasset" 182
"../../../Engine/Content/EditorResources/SequenceRecorder/Countdown.uasset" 183
"../../../Engine/Content/EditorResources/SequenceRecorder/RecordingIndicator.uasset" 184
"../../../Engine/Content/EditorSounds/Notifications/CompileFailed.uasset" 185
"../../../Engine/Content/EditorSounds/Notifications/CompileFailed_Cue.uasset" 186
"../../../Engine/Content/EditorSounds/Notifications/CompileSuccess.uasset" 187
"../../../Engine/Content/EditorSounds/Notifications/CompileStart_Cue.uasset" 188
"../../../Engine/Content/EditorSounds/Notifications/CompileSuccess_Cue.uasset" 189
"../../../Engine/Content/EngineDamageTypes/DmgTypeBP_Environmental.uasset" 190
"../../../Engine/Content/EngineDebugMaterials/HeatmapGradient.uasset" 191
"../../../Engine/Content/EngineDebugMaterials/BoneWeightMaterial.uasset" 192
"../../../Engine/Content/EngineDebugMaterials/ClothMaterial.uasset" 193
"../../../Engine/Content/EngineDebugMaterials/ClothMaterial_WF.uasset" 194
"../../../Engine/Content/EngineDebugMaterials/DebugEditorMaterial.uasset" 195
"../../../Engine/Content/EngineDebugMaterials/DebugMeshMaterial.uasset" 196
"../../../Engine/Content/EngineDebugMaterials/GeomMaterial.uasset" 197
"../../../Engine/Content/EngineDebugMaterials/M_SimpleTranslucent.uasset" 198
"../../../Engine/Content/Functions/Engine_MaterialFunctions02/Utility/CameraDirectionVector.uasset" 199
"../../../Engine/Content/EngineDebugMaterials/VolumeToRender.uasset" 200
"../../../Engine/Content/EngineDebugMaterials/M_VolumeRenderSphereTracePP.uasset" 201
"../../../Engine/Content/EngineDebugMaterials/WireframeMaterial.uasset" 202
"../../../Engine/Content/EngineFonts/Faces/RobotoBold.uasset" 203
"../../../Engine/Content/EngineFonts/Faces/RobotoBoldItalic.uasset" 204
"../../../Engine/Content/EngineFonts/Faces/RobotoItalic.uasset" 205
"../../../Engine/Content/EngineFonts/Faces/RobotoLight.uasset" 206
"../../../Engine/Content/EngineFonts/Faces/RobotoRegular.uasset" 207
"../../../Engine/Content/EngineFonts/Roboto.uasset" 208
"../../../Engine/Content/EngineMaterials/BaseFlattenDiffuseMap.uasset" 209
"../../../Engine/Content/EngineMaterials/BaseFlattenEmissiveMap.uasset" 210
"../../../Engine/Content/EngineMaterials/BaseFlattenGrayscaleMap.uasset" 211
"../../../Engine/Content/EngineMaterials/BaseFlattenNormalMap.uasset" 212
"../../../Engine/Content/EngineMaterials/BaseFlattenMaterial.uasset" 213
"../../../Engine/Content/EngineMaterials/BlueNoise.uasset" 214
"../../../Engine/Content/EngineMaterials/DefaultBloomKernel.uasset" 215
"../../../Engine/Content/EngineMaterials/DefaultBokeh.uasset" 216
"../../../Engine/Content/EngineMaterials/DefaultDiffuse.uasset" 217
"../../../Engine/Content/EngineMaterials/DefaultDeferredDecalMaterial.uasset" 218
"../../../Engine/Content/EngineMaterials/DefaultLightFunctionMaterial.uasset" 219
"../../../Engine/Content/Functions/Engine_MaterialFunctions02/Utility/BreakOutFloat2Components.uasset" 220
"../../../Engine/Content/EngineMaterials/DefaultPostProcessMaterial.uasset" 221
"../../../Engine/Content/EngineFonts/RobotoDistanceField.uasset" 222
"../../../Engine/Content/EngineMaterials/DefaultTextMaterialOpaque.uasset" 223
"../../../Engine/Content/EngineMaterials/DefaultVirtualTextureMaterial.uasset" 224
"../../../Engine/Content/EngineMaterials/DefaultWhiteGrid.uasset" 225
"../../../Engine/Content/EngineMaterials/EditorBrushMaterial.uasset" 226
"../../../Engine/Content/EngineMaterials/DefaultWhiteGrid_Low.uasset" 227
"../../../Engine/Content/EngineMaterials/EmissiveMeshMaterial.uasset" 228
"../../../Engine/Content/EngineMaterials/MiniFont.uasset" 229
"../../../Engine/Content/EngineMaterials/InvalidLightmapSettings.uasset" 230
"../../../Engine/Content/EngineMaterials/M_InvalidLightmapSettings.uasset" 231
"../../../Engine/Content/Functions/Engine_MaterialFunctions02/WorldPositionOffset/CameraOffset.uasset" 232
"../../../Engine/Content/EngineMaterials/PhAT_JointLimitMaterial.uasset" 233
"../../../Engine/Content/EngineMaterials/PreintegratedSkinBRDF.uasset" 234
"../../../Engine/Content/EngineMaterials/RemoveSurfaceMaterial.uasset" 235
"../../../Engine/Content/EngineMaterials/WeightMapPlaceholderTexture.uasset" 236
"../../../Engine/Content/EngineResources/WhiteSquareTexture.uasset" 237
"../../../Engine/Content/EngineMaterials/Widget3DPassThrough.uasset" 238
"../../../Engine/Content/EngineMaterials/Widget3DPassThrough_Masked.uasset" 239
"../../../Engine/Content/EngineMaterials/Widget3DPassThrough_Opaque.uasset" 240
"../../../Engine/Content/EngineMaterials/Widget3DPassThrough_Masked_OneSided.uasset" 241
"../../../Engine/Content/EngineMaterials/Widget3DPassThrough_Opaque_OneSided.uasset" 242
"../../../Engine/Content/EngineMaterials/Widget3DPassThrough_Translucent.uasset" 243
"../../../Engine/Content/EngineMaterials/Widget3DPassThrough_Translucent_OneSided.uasset" 244
"../../../Engine/Content/EngineMeshes/Cylinder.uasset" 245
"../../../Engine/Content/EngineMeshes/Sphere.uasset" 246
"../../../Engine/Content/EngineResources/Black.uasset" 247
"../../../Engine/Content/EngineResources/DefaultTexture.uasset" 248
"../../../Engine/Content/EngineResources/DefaultTextureCube.uasset" 249
"../../../Engine/Content/EngineResources/DefaultVolumeTexture2D.uasset" 250
"../../../Engine/Content/EngineResources/DefaultVolumeTexture.uasset" 251
"../../../Engine/Content/EngineResources/GradientTexture0.uasset" 252
"../../../Engine/Content/EngineSounds/Master.uasset" 253
"../../../Engine/Content/Functions/Engine_MaterialFunctions01/Shading/ConvertFromDiffSpec.uasset" 254
"../../../Engine/Content/Functions/Engine_MaterialFunctions01/Shading/PowerToRoughness.uasset" 255
"../../../Engine/Content/Maps/Templates/Thumbnails/Default.uasset" 256
"../../../Engine/Content/Maps/Templates/Thumbnails/VR-Basic.uasset" 257
"../../../Engine/Content/MobileResources/T_MobileControls_texture.uasset" 258
"../../../Engine/Content/MobileResources/T_MobileMenu2.uasset" 259
"../../../Engine/Content/MobileResources/HUD/AnalogHat.uasset" 260
"../../../Engine/Content/MobileResources/HUD/VirtualJoystick_Background.uasset" 261
"../../../Engine/Content/MobileResources/HUD/VirtualJoystick_Thumb.uasset" 262
"../../../Engine/Content/MobileResources/HUD/DefaultVirtualJoysticks.uasset" 263
"../../../Engine/Content/MobileResources/HUD/LeftVirtualJoystickOnly.uasset" 264
"../../../Engine/Content/MobileResources/HUD/MobileHUDButton1_off.uasset" 265
"../../../Engine/Content/MobileResources/HUD/MobileHUDButton1_on.uasset" 266
"../../../Engine/Content/MobileResources/HUD/MobileHUDButton2_off.uasset" 267
"../../../Engine/Content/MobileResources/HUD/MobileHUDButton2_on.uasset" 268
"../../../Engine/Content/MobileResources/HUD/MobileHUDButton3.uasset" 269
"../../../Engine/Content/MobileResources/HUD/MobileHUDButtonFire.uasset" 270
"../../../Engine/Content/MobileResources/HUD/MobileHUDDirectionPad.uasset" 271
"../../../Engine/Content/MobileResources/HUD/MobileHUDDirectionPad2.uasset" 272
"../../../Engine/Content/MobileResources/HUD/MobileHUDDirectionPad3.uasset" 273
"../../../Engine/Content/MobileResources/HUD/MobileHUDDirectionStick.uasset" 274
"../../../Engine/Content/MobileResources/HUD/T_Castle_ThumbstickInner.uasset" 275
"../../../Engine/Content/MobileResources/HUD/T_Castle_ThumbstickOutter.uasset" 276
"../../../Engine/Content/Tutorial/ContentIntroCurve.uasset" 277
"../../../Engine/Content/Tutorial/Basics/LevelEditorAttract.uasset" 278
"../../../Engine/Content/VREditor/LaserPointer/VR_LaserPower_01.uasset" 279
"../../../Engine/Content/VREditor/TransformGizmo/TransformGizmoMaterial.uasset" 280
"../../../Engine/Content/VREditor/TransformGizmo/TranslucentTransformGizmoMaterial.uasset" 281
"../../../Engine/Content/VREditor/TransformGizmo/BoundingBoxCorner.uasset" 282
"../../../Engine/Content/VREditor/TransformGizmo/BoundingBoxEdge.uasset" 283
"../../../Engine/Content/VREditor/TransformGizmo/PlaneTranslationHandle.uasset" 284
"../../../Engine/Content/VREditor/TransformGizmo/Main.uasset" 285
"../../../Engine/Content/VREditor/TransformGizmo/Xray.uasset" 286
"../../../Engine/Content/VREditor/TransformGizmo/SM_Sequencer_Key.uasset" 287
"../../../Engine/Content/VREditor/TransformGizmo/SM_Sequencer_Node.uasset" 288
"../../Plugins/2D/Paper2D/Content/PlaceholderTextures/DummySpriteTexture.uasset" 289
"../../Plugins/2D/Paper2D/Content/DummySprite.uasset" 290
"../../Plugins/2D/Paper2D/Content/DefaultPaperTerrainMaterial.uasset" 291
"../../Plugins/2D/Paper2D/Content/DummySpriteTexture.uasset" 292
"../../Plugins/2D/Paper2D/Content/DefaultSpriteMaterial.uasset" 293
"../../Plugins/2D/Paper2D/Content/MaskedUnlitSpriteMaterial.uasset" 294
"../../Plugins/2D/Paper2D/Content/OpaqueUnlitSpriteMaterial.uasset" 295
"../../Plugins/Runtime/Oculus/OculusVR/Content/OculusMR_RenderTarget.uasset" 296
"../../../Engine/Content/Functions/Engine_MaterialFunctions02/Utility/BreakOutFloat4Components.uasset" 297
"../../../Engine/Content/Functions/Engine_MaterialFunctions02/Utility/MakeFloat2.uasset" 298
"../../../Engine/Content/Functions/Engine_MaterialFunctions02/Utility/MakeFloat3.uasset" 299
"../../Plugins/Runtime/Oculus/OculusVR/Content/Materials/OculusMR_ChromaKey.uasset" 300
"../../Plugins/Runtime/Oculus/OculusVR/Content/Materials/OculusMR_ChromaKey_Lit.uasset" 301
"../../Plugins/Runtime/Oculus/OculusVR/Content/Materials/OculusMR_OpaqueColoredMaterial.uasset" 302
"../../Plugins/Runtime/Oculus/OculusVR/Content/Materials/OculusMR_WhiteMaterial.uasset" 303
"../../../Engine/Content/EngineMeshes/Humanoid.uasset" 304
"C:/Users/sls82/Desktop/vrproj/Content/Player_Assets/Character/HeroTPP_Skeleton.uasset" 305
"C:/Users/sls82/Desktop/vrproj/Content/Player_Assets/Animations/Jump_End.uasset" 306
"C:/Users/sls82/Desktop/vrproj/Content/Player_Assets/Animations/Jump_Loop.uasset" 307
"C:/Users/sls82/Desktop/vrproj/Content/Player_Assets/Animations/Jump_Start.uasset" 308
"C:/Users/sls82/Desktop/vrproj/Content/Player_Assets/Animations/Idle.uasset" 309
"C:/Users/sls82/Desktop/vrproj/Content/Player_Assets/Animations/Run.uasset" 310
"C:/Users/sls82/Desktop/vrproj/Content/Player_Assets/Animations/Walk.uasset" 311
"C:/Users/sls82/Desktop/vrproj/Content/Player_Assets/Character/IdleRun_TPP.uasset" 312
"../../../Engine/Content/EditorBlueprintResources/StandardMacros.uasset" 313
"C:/Users/sls82/Desktop/vrproj/Content/Player_Assets/Character/HeroTPP_AnimBlueprint.uasset" 314
"C:/Users/sls82/Desktop/vrproj/Content/Material/Master_Material/reaction_param_collection.uasset" 315
"../../../Engine/Content/TemplateResources/M_Template_Master.uasset" 316
"../../../Engine/Content/TemplateResources/MI_Template_BaseBlue.uasset" 317
"C:/Users/sls82/Desktop/vrproj/Content/Player_Assets/Character/HeroTPP.uasset" 318
"C:/Users/sls82/Desktop/vrproj/Content/Player_Assets/Blueprints/MyCharacter.uasset" 319
"C:/Users/sls82/Desktop/vrproj/Content/Player_Assets/Blueprints/MyGame.uasset" 320
"C:/Users/sls82/Desktop/vrproj/Content/VirtualReality/Mannequin/Character/Mesh/MannequinHand_Right_Skeleton.uasset" 321
"C:/Users/sls82/Desktop/vrproj/Content/VirtualReality/Mannequin/Animations/MannequinHand_Right_CanGrab.uasset" 322
"C:/Users/sls82/Desktop/vrproj/Content/VirtualReality/Mannequin/Animations/MannequinHand_Right_Grab.uasset" 323
"C:/Users/sls82/Desktop/vrproj/Content/VirtualReality/Mannequin/Animations/MannequinHand_Right_Open.uasset" 324
"C:/Users/sls82/Desktop/vrproj/Content/VirtualReality/Mannequin/Animations/RightGrip_BS.uasset" 325
"C:/Users/sls82/Desktop/vrproj/Content/VirtualRealityBP/Blueprints/GripEnum.uasset" 326
"C:/Users/sls82/Desktop/vrproj/Content/VirtualReality/Mannequin/Animations/RightHand_AnimBP.uasset" 327
"C:/Users/sls82/Desktop/vrproj/Content/VirtualRealityBP/Blueprints/PickupActorInterface.uasset" 328
"C:/Users/sls82/Desktop/vrproj/Content/VirtualRealityBP/Blueprints/MotionControllerHaptics.uasset" 329
"../../../Engine/Content/Functions/Engine_MaterialFunctions01/Texturing/ScaleUVsByCenter.uasset" 330
"../../../Engine/Content/Functions/Engine_MaterialFunctions02/ScreenResolution.uasset" 331
"../../../Engine/Content/Functions/Engine_MaterialFunctions02/Texturing/ScreenAlignedUVs.uasset" 332
"../../../Engine/Content/Functions/Engine_MaterialFunctions02/Utility/DepthFromWorldPosition.uasset" 333
"C:/Users/sls82/Desktop/vrproj/Content/VirtualReality/Materials/MF_OccludedPixels.uasset" 334
"C:/Users/sls82/Desktop/vrproj/Content/VirtualReality/Materials/TeleportMCP.uasset" 335
"../../../Engine/Content/EngineMaterials/Good64x64TilingNoiseHighFreq.uasset" 336
"C:/Users/sls82/Desktop/vrproj/Content/VirtualReality/Materials/M_ArcEndpoint.uasset" 337
"C:/Users/sls82/Desktop/vrproj/Content/VirtualReality/Materials/M_SplineArcMat.uasset" 338
"C:/Users/sls82/Desktop/vrproj/Content/VirtualReality/Materials/M_TeleportPreviews.uasset" 339
"C:/Users/sls82/Desktop/vrproj/Content/VirtualReality/Materials/MI_ChaperoneOutline.uasset" 340
"C:/Users/sls82/Desktop/vrproj/Content/VirtualReality/Materials/MI_TeleportCylinderPreview.uasset" 341
"../../../Engine/Content/BasicShapes/Cylinder.uasset" 342
"../../../Engine/Content/BasicShapes/Sphere.uasset" 343
"C:/Users/sls82/Desktop/vrproj/Content/VirtualReality/Mannequin/Character/Textures/UE4_Mannequin__normals.uasset" 344
"C:/Users/sls82/Desktop/vrproj/Content/VirtualReality/Mannequin/Character/Textures/UE4_Mannequin_MAT_MASKA.uasset" 345
"C:/Users/sls82/Desktop/vrproj/Content/VirtualReality/Mannequin/Character/Materials/M_HandMat.uasset" 346
"C:/Users/sls82/Desktop/vrproj/Content/VirtualReality/Mannequin/Character/Mesh/MannequinHand_Right_PhysicsAsset.uasset" 347
"C:/Users/sls82/Desktop/vrproj/Content/VirtualReality/Mannequin/Character/Mesh/MannequinHand_Right.uasset" 348
"C:/Users/sls82/Desktop/vrproj/Content/VirtualReality/Meshes/1x1_cube.uasset" 349
"C:/Users/sls82/Desktop/vrproj/Content/VirtualReality/Meshes/BeaconDirection.uasset" 350
"C:/Users/sls82/Desktop/vrproj/Content/VirtualReality/Meshes/BeamMesh.uasset" 351
"C:/Users/sls82/Desktop/vrproj/Content/VirtualReality/Meshes/SM_FatCylinder.uasset" 352
"C:/Users/sls82/Desktop/vrproj/Content/VirtualRealityBP/Blueprints/BP_MotionController.uasset" 353
"C:/Users/sls82/Desktop/vrproj/Content/VirtualRealityBP/Blueprints/MotionControllerPawn.uasset" 354
"../../../Engine/Content/Functions/Engine_MaterialFunctions03/ComplexMotion/Motion_4WayChaos.uasset" 355
"../../../Engine/Content/Engine_MI_Shaders/T_Base_Tile_Normal.uasset" 356
"../../../Engine/Content/Functions/Engine_MaterialFunctions03/ComplexMotion/Motion_4WayChaos_Normal.uasset" 357
"../../../Engine/Content/MapTemplates/Sky/DaylightAmbientCubemap.uasset" 358
"C:/Users/sls82/Desktop/vrproj/Content/WaterPlane/Lake/Textures/T_SmallWaves_N.uasset" 359
"C:/Users/sls82/Desktop/vrproj/Content/WaterPlane/Ocean/Materials/OceanWater_SS.uasset" 360
"C:/Users/sls82/Desktop/vrproj/Content/WaterPlane/Ocean/Textures/T_LargeWaves_H.uasset" 361
"C:/Users/sls82/Desktop/vrproj/Content/WaterPlane/Ocean/Textures/T_LargeWaves_N.uasset" 362
"C:/Users/sls82/Desktop/vrproj/Content/WaterPlane/Ocean/Textures/T_Seafoam_01.uasset" 363
"C:/Users/sls82/Desktop/vrproj/Content/WaterPlane/Ocean/Materials/M_OceanWater_1.uasset" 364
"../../../Engine/Content/MapTemplates/Sky/Desert_Outer_HDR.uasset" 365
"C:/Users/sls82/Desktop/vrproj/Content/WaterPlane/Ocean/Materials/M_OceanWater_1_Inst.uasset" 366
"C:/Users/sls82/Desktop/vrproj/Content/WaterPlane/Meshes/SM_OceanWater.uasset" 367
"C:/Users/sls82/Desktop/vrproj/Content/WaterPlane/Ocean/Blueprint/BP_OceanWater.uasset" 368
"C:/Users/sls82/Desktop/vrproj/Content/Maps/screenshot_map_sharedassets/Dirt_LayerInfo.uasset" 369
"C:/Users/sls82/Desktop/vrproj/Content/Maps/screenshot_map_sharedassets/Grass_LayerInfo8.uasset" 370
"C:/Users/sls82/Desktop/vrproj/Content/Maps/screenshot_map_sharedassets/Mountain_LayerInfo.uasset" 371
"C:/Users/sls82/Desktop/vrproj/Content/Maps/screenshot_map_sharedassets/Rock_LayerInfo.uasset" 372
"C:/Users/sls82/Desktop/vrproj/Content/Maps/screenshot_map_BuiltData.uasset" 373
"C:/Users/sls82/Desktop/vrproj/Content/WaterMaterials/Materials/MF_FixedDepth.uasset" 374
"C:/Users/sls82/Desktop/vrproj/Content/WaterMaterials/Textures/T_Noise_Stormy.uasset" 375
"C:/Users/sls82/Desktop/vrproj/Content/WaterMaterials/Textures/T_Ocean_Foam.uasset" 376
"C:/Users/sls82/Desktop/vrproj/Content/WaterMaterials/Textures/T_Water_EdgeNormals.uasset" 377
"C:/Users/sls82/Desktop/vrproj/Content/WaterMaterials/Textures/T_Water_Normal_Large.uasset" 378
"C:/Users/sls82/Desktop/vrproj/Content/WaterMaterials/Materials/M_Rapids.uasset" 379
"C:/Users/sls82/Desktop/vrproj/Content/WaterMaterials/Textures/T_Waterfall_Foam.uasset" 380
"C:/Users/sls82/Desktop/vrproj/Content/WaterMaterials/Textures/T_Waterfall_Foam_Directional.uasset" 381
"C:/Users/sls82/Desktop/vrproj/Content/WaterMaterials/Materials/M_Waterfall.uasset" 382
"../../../Engine/Content/Functions/Engine_MaterialFunctions02/WorldPositionOffset/Wind.uasset" 383
"C:/Users/sls82/Desktop/vrproj/Content/Textures/Placeholder/tex_normal.uasset" 384
"C:/Users/sls82/Desktop/vrproj/Content/Material/Master_Material/M_bark.uasset" 385
"C:/Users/sls82/Desktop/vrproj/Content/Textures/Trees/tex_deciduousbark1_diff.uasset" 386
"C:/Users/sls82/Desktop/vrproj/Content/Textures/Trees/tex_deciduousbark1_n.uasset" 387
"C:/Users/sls82/Desktop/vrproj/Content/Material/Child_Material/M_deciduousbark1_Inst.uasset" 388
"../../../Engine/Content/EngineMaterials/DefaultPhysicalMaterial.uasset" 389
"C:/Users/sls82/Desktop/vrproj/Content/Textures/Trees/tex_leaves_diff.uasset" 390
"C:/Users/sls82/Desktop/vrproj/Content/Material/Child_Material/M_bush_basic_Inst.uasset" 391
"C:/Users/sls82/Desktop/vrproj/Content/Meshes/Bush/SM_bush1.uasset" 392
"C:/Users/sls82/Desktop/vrproj/Content/Meshes/Bush/SM_bush2.uasset" 393
"C:/Users/sls82/Desktop/vrproj/Content/Meshes/Bush/SM_bush3.uasset" 394
"C:/Users/sls82/Desktop/vrproj/Content/Meshes/Bush/SM_bush4.uasset" 395
"C:/Users/sls82/Desktop/vrproj/Content/Meshes/Bush/SM_bush5.uasset" 396
"C:/Users/sls82/Desktop/vrproj/Content/Meshes/Bush/SM_bush6.uasset" 397
"C:/Users/sls82/Desktop/vrproj/Content/Meshes/Grass/SM_grass_patch1.uasset" 398
"C:/Users/sls82/Desktop/vrproj/Content/Textures/Trees/tex_birchbark_diff.uasset" 399
"C:/Users/sls82/Desktop/vrproj/Content/Textures/Trees/tex_birchbark_n.uasset" 400
"C:/Users/sls82/Desktop/vrproj/Content/Material/Child_Material/M_birchbark_Inst.uasset" 401
"C:/Users/sls82/Desktop/vrproj/Content/Material/Master_Material/M_tree_basic.uasset" 402
"C:/Users/sls82/Desktop/vrproj/Content/Material/Child_Material/M_tree_basic_Inst.uasset" 403
"C:/Users/sls82/Desktop/vrproj/Content/Meshes/Trees/SM_tree1.uasset" 404
"C:/Users/sls82/Desktop/vrproj/Content/Meshes/Trees/SM_tree10.uasset" 405
"C:/Users/sls82/Desktop/vrproj/Content/Meshes/Trees/SM_tree2.uasset" 406
"C:/Users/sls82/Desktop/vrproj/Content/Meshes/Trees/SM_tree3.uasset" 407
"C:/Users/sls82/Desktop/vrproj/Content/Meshes/Trees/SM_tree4.uasset" 408
"C:/Users/sls82/Desktop/vrproj/Content/Meshes/Trees/SM_tree5.uasset" 409
"C:/Users/sls82/Desktop/vrproj/Content/Meshes/Trees/SM_tree6.uasset" 410
"C:/Users/sls82/Desktop/vrproj/Content/Meshes/Trees/SM_tree7.uasset" 411
"C:/Users/sls82/Desktop/vrproj/Content/Meshes/Trees/SM_tree8.uasset" 412
"C:/Users/sls82/Desktop/vrproj/Content/Meshes/Trees/SM_tree9.uasset" 413
"C:/Users/sls82/Desktop/vrproj/Content/OceanAttenuation.uasset" 414
"C:/Users/sls82/Desktop/vrproj/Content/rainforest_ambience-GlorySunz-1938133500.uasset" 415
"C:/Users/sls82/Desktop/vrproj/Content/river-3.uasset" 416
"C:/Users/sls82/Desktop/vrproj/Content/stream.uasset" 417
"C:/Users/sls82/Desktop/vrproj/Content/StreamAttenuation.uasset" 418
"C:/Users/sls82/Desktop/vrproj/Content/VirtualReality/Materials/GenericHMDMaterial.uasset" 419
"C:/Users/sls82/Desktop/vrproj/Content/VirtualReality/Meshes/GenericHMD.uasset" 420
"C:/Users/sls82/Desktop/vrproj/Content/WaterMaterials/Textures/T_Stone.uasset" 421
"C:/Users/sls82/Desktop/vrproj/Content/WaterMaterials/Textures/T_Stone_N.uasset" 422
"C:/Users/sls82/Desktop/vrproj/Content/WaterMaterials/Materials/M_River_Rock.uasset" 423
"C:/Users/sls82/Desktop/vrproj/Content/WaterMaterials/Meshes/SM_Cliff.uasset" 424
"C:/Users/sls82/Desktop/vrproj/Content/WaterMaterials/Meshes/SM_Rapids.uasset" 425
"C:/Users/sls82/Desktop/vrproj/Content/WaterMaterials/Meshes/SM_Waterfall_Base.uasset" 426
"C:/Users/sls82/Desktop/vrproj/Content/WaterPlane/Environment/Props/Materials/Ocean_Waves-Mike_Koenig-980635527.uasset" 427
"C:/Users/sls82/Desktop/vrproj/Content/WaterPlane/Environment/Textures/T_Detail_Rocky_N.uasset" 428
"C:/Users/sls82/Desktop/vrproj/Content/WaterPlane/Environment/Textures/T_Rock_Basalt_D.uasset" 429
"C:/Users/sls82/Desktop/vrproj/Content/WaterPlane/Environment/Textures/T_RockMesh_M.uasset" 430
"C:/Users/sls82/Desktop/vrproj/Content/WaterPlane/Environment/Textures/T_RockMesh_N.uasset" 431
"C:/Users/sls82/Desktop/vrproj/Content/WaterPlane/Environment/Props/Materials/M_Rock.uasset" 432
"C:/Users/sls82/Desktop/vrproj/Content/WaterPlane/Environment/Props/SM_Rock.uasset" 433
"C:/Users/sls82/Desktop/vrproj/Content/WavesAttenuation.uasset" 434
"C:/Users/sls82/Desktop/vrproj/Content/windmill_diffuse.uasset" 435
"C:/Users/sls82/Desktop/vrproj/Content/blinn1SG.uasset" 436
"C:/Users/sls82/Desktop/vrproj/Content/windmill.uasset" 437
"C:/Users/sls82/Desktop/vrproj/Content/CabinMat.uasset" 438
"C:/Users/sls82/Desktop/vrproj/Content/WoodenCabinObj.uasset" 439
"C:/Users/sls82/Desktop/vrproj/Content/Maps/screenshot_map.umap" 440
"C:/Users/sls82/Desktop/vrproj/Content/StarterContent/Blueprints/Assets/FogBrightnessLUT.uasset" 441
"C:/Users/sls82/Desktop/vrproj/Content/StarterContent/Blueprints/Assets/SunlightColorLUT.uasset" 442
"C:/Users/sls82/Desktop/vrproj/Content/StarterContent/Blueprints/Assets/M_LightStage_Arrows.uasset" 443
"C:/Users/sls82/Desktop/vrproj/Content/StarterContent/Blueprints/Assets/M_LightStage_Skybox_Master.uasset" 444
"C:/Users/sls82/Desktop/vrproj/Content/StarterContent/Blueprints/Assets/M_LightStage_Skybox_Black.uasset" 445
"C:/Users/sls82/Desktop/vrproj/Content/StarterContent/Blueprints/Assets/M_LightStage_Skybox_HDRI.uasset" 446
"../../../Engine/Content/EditorMaterials/Thumbnails/SkySphereMaterial.uasset" 447
"C:/Users/sls82/Desktop/vrproj/Content/StarterContent/Blueprints/Assets/Skybox.uasset" 448
"C:/Users/sls82/Desktop/vrproj/Content/StarterContent/Blueprints/Assets/SM_Arrows.uasset" 449
"C:/Users/sls82/Desktop/vrproj/Content/StarterContent/HDRI/HDRI_Epic_Courtyard_Daylight.uasset" 450
"C:/Users/sls82/Desktop/vrproj/Content/StarterContent/Blueprints/BP_LightStudio.uasset" 451
"C:/Users/sls82/Desktop/vrproj/Content/StarterContent/Maps/Advanced_Lighting_BuiltData.uasset" 452
"C:/Users/sls82/Desktop/vrproj/Content/StarterContent/Materials/M_AssetPlatform.uasset" 453
"../../../Engine/Content/EditorMeshes/ColorCalibrator/M_ChromeBall.uasset" 454
"../../../Engine/Content/EditorMeshes/ColorCalibrator/M_ClearCoat.uasset" 455
"../../../Engine/Content/EditorMeshes/ColorCalibrator/M_ClearCoatBlack.uasset" 456
"../../../Engine/Content/EditorMeshes/ColorCalibrator/Color_checker.uasset" 457
"../../../Engine/Content/EditorMeshes/ColorCalibrator/M_ColorGrid.uasset" 458
"../../../Engine/Content/EditorMeshes/ColorCalibrator/M_GreyBall.uasset" 459
"../../../Engine/Content/EditorMeshes/ColorCalibrator/SM_ColorCalibrator.uasset" 460
"C:/Users/sls82/Desktop/vrproj/Content/StarterContent/Architecture/SM_AssetPlatform.uasset" 461
"C:/Users/sls82/Desktop/vrproj/Content/StarterContent/Maps/Advanced_Lighting.umap" 462
"../../../Engine/Content/EngineSky/C_Sky_Cloud_Color.uasset" 463
"../../../Engine/Content/EngineSky/C_Sky_Horizon_Color.uasset" 464
"../../../Engine/Content/EngineSky/C_Sky_Zenith_Color.uasset" 465
"../../../Engine/Content/EngineSky/T_Sky_Blue.uasset" 466
"../../../Engine/Content/EngineSky/T_Sky_Clouds_M.uasset" 467
"../../../Engine/Content/EngineSky/T_Sky_Stars.uasset" 468
"../../../Engine/Content/EngineSky/M_Sky_Panning_Clouds2.uasset" 469
"../../../Engine/Content/EngineSky/SM_SkySphere.uasset" 470
"../../../Engine/Content/EngineSky/BP_Sky_Sphere.uasset" 471
"C:/Users/sls82/Desktop/vrproj/Content/StarterContent/Maps/Minimal_Default_BuiltData.uasset" 472
"C:/Users/sls82/Desktop/vrproj/Content/StarterContent/Textures/T_MacroVariation.uasset" 473
"C:/Users/sls82/Desktop/vrproj/Content/StarterContent/Materials/M_Metal_Brushed_Nickel.uasset" 474
"C:/Users/sls82/Desktop/vrproj/Content/StarterContent/Textures/T_Metal_Aluminum_D.uasset" 475
"C:/Users/sls82/Desktop/vrproj/Content/StarterContent/Textures/T_Metal_Gold_N.uasset" 476
"C:/Users/sls82/Desktop/vrproj/Content/StarterContent/Materials/M_Metal_Burnished_Steel.uasset" 477
"C:/Users/sls82/Desktop/vrproj/Content/StarterContent/Textures/T_Metal_Copper_D.uasset" 478
"C:/Users/sls82/Desktop/vrproj/Content/StarterContent/Materials/M_Metal_Copper.uasset" 479
"C:/Users/sls82/Desktop/vrproj/Content/StarterContent/Textures/T_Statue_M.uasset" 480
"C:/Users/sls82/Desktop/vrproj/Content/StarterContent/Textures/T_Statue_N.uasset" 481
"C:/Users/sls82/Desktop/vrproj/Content/StarterContent/Props/Materials/M_StatueGlass.uasset" 482
"C:/Users/sls82/Desktop/vrproj/Content/StarterContent/Architecture/Floor_400x400.uasset" 483
"C:/Users/sls82/Desktop/vrproj/Content/StarterContent/Audio/Starter_Background_Cue.uasset" 484
"C:/Users/sls82/Desktop/vrproj/Content/StarterContent/Props/SM_Chair.uasset" 485
"C:/Users/sls82/Desktop/vrproj/Content/StarterContent/Props/Materials/M_Statue.uasset" 486
"C:/Users/sls82/Desktop/vrproj/Content/StarterContent/Props/SM_Statue.uasset" 487
"C:/Users/sls82/Desktop/vrproj/Content/StarterContent/Textures/T_TableRound_M.uasset" 488
"C:/Users/sls82/Desktop/vrproj/Content/StarterContent/Textures/T_TableRound_N.uasset" 489
"C:/Users/sls82/Desktop/vrproj/Content/StarterContent/Props/Materials/M_TableRound.uasset" 490
"C:/Users/sls82/Desktop/vrproj/Content/StarterContent/Props/SM_TableRound.uasset" 491
"C:/Users/sls82/Desktop/vrproj/Content/StarterContent/Maps/Minimal_Default.umap" 492
"C:/Users/sls82/Desktop/vrproj/Content/StarterContent/Audio/Fire01_Cue.uasset" 493
"C:/Users/sls82/Desktop/vrproj/Content/StarterContent/Textures/T_Fire_SubUV.uasset" 494
"C:/Users/sls82/Desktop/vrproj/Content/StarterContent/Textures/T_Fire_Tiled_D.uasset" 495
"C:/Users/sls82/Desktop/vrproj/Content/StarterContent/Particles/Materials/M_Fire_SubUV.uasset" 496
"C:/Users/sls82/Desktop/vrproj/Content/StarterContent/Textures/T_Water_N.uasset" 497
"C:/Users/sls82/Desktop/vrproj/Content/StarterContent/Particles/Materials/M_Heat_Distortion.uasset" 498
"C:/Users/sls82/Desktop/vrproj/Content/StarterContent/Particles/Materials/M_Radial_Gradient.uasset" 499
"C:/Users/sls82/Desktop/vrproj/Content/StarterContent/Particles/P_Fire.uasset" 500
"C:/Users/sls82/Desktop/vrproj/Content/StarterContent/Blueprints/Blueprint_Effect_Fire.uasset" 501
"C:/Users/sls82/Desktop/vrproj/Content/StarterContent/Audio/Smoke01_Cue.uasset" 502
"C:/Users/sls82/Desktop/vrproj/Content/StarterContent/Particles/P_Smoke.uasset" 503
"C:/Users/sls82/Desktop/vrproj/Content/StarterContent/Blueprints/Blueprint_Effect_Smoke.uasset" 504
"C:/Users/sls82/Desktop/vrproj/Content/StarterContent/Audio/Fire_Sparks01_Cue.uasset" 505
"C:/Users/sls82/Desktop/vrproj/Content/StarterContent/Textures/T_Spark_Core.uasset" 506
"C:/Users/sls82/Desktop/vrproj/Content/StarterContent/Particles/Materials/M_Spark.uasset" 507
"C:/Users/sls82/Desktop/vrproj/Content/StarterContent/Particles/P_Sparks.uasset" 508
"C:/Users/sls82/Desktop/vrproj/Content/StarterContent/Blueprints/Blueprint_Effect_Sparks.uasset" 509
"C:/Users/sls82/Desktop/vrproj/Content/StarterContent/Audio/Steam01_Cue.uasset" 510
"C:/Users/sls82/Desktop/vrproj/Content/StarterContent/Particles/P_Steam_Lit.uasset" 511
"C:/Users/sls82/Desktop/vrproj/Content/StarterContent/Blueprints/Blueprint_Effect_Steam.uasset" 512
"C:/Users/sls82/Desktop/vrproj/Content/StarterContent/Textures/T_Lamp_M.uasset" 513
"C:/Users/sls82/Desktop/vrproj/Content/StarterContent/Textures/T_Lamp_N.uasset" 514
"C:/Users/sls82/Desktop/vrproj/Content/StarterContent/Props/Materials/M_Lamp.uasset" 515
"C:/Users/sls82/Desktop/vrproj/Content/StarterContent/Props/SM_Lamp_Ceiling.uasset" 516
"C:/Users/sls82/Desktop/vrproj/Content/StarterContent/Blueprints/Blueprint_CeilingLight.uasset" 517
"C:/Users/sls82/Desktop/vrproj/Content/StarterContent/Props/SM_Lamp_Wall.uasset" 518
"C:/Users/sls82/Desktop/vrproj/Content/StarterContent/Blueprints/Blueprint_WallSconce.uasset" 519
"C:/Users/sls82/Desktop/vrproj/Content/StarterContent/Maps/StarterMap_BuiltData.uasset" 520
"../../../Engine/Content/Functions/Engine_MaterialFunctions03/Procedurals/ComputeFilterWidth.uasset" 521
"../../../Engine/Content/EngineMaterials/AntiAliasedTextMaterialTranslucent.uasset" 522
"C:/Users/sls82/Desktop/vrproj/Content/StarterContent/Textures/T_Brick_Clay_Beveled_D.uasset" 523
"C:/Users/sls82/Desktop/vrproj/Content/StarterContent/Textures/T_Brick_Clay_Beveled_M.uasset" 524
"C:/Users/sls82/Desktop/vrproj/Content/StarterContent/Textures/T_Brick_Clay_Beveled_N.uasset" 525
"C:/Users/sls82/Desktop/vrproj/Content/StarterContent/Materials/M_Brick_Clay_Beveled.uasset" 526
"C:/Users/sls82/Desktop/vrproj/Content/StarterContent/Textures/T_Brick_Clay_New_D.uasset" 527
"C:/Users/sls82/Desktop/vrproj/Content/StarterContent/Textures/T_Brick_Clay_New_M.uasset" 528
"C:/Users/sls82/Desktop/vrproj/Content/StarterContent/Textures/T_Brick_Clay_New_N.uasset" 529
"C:/Users/sls82/Desktop/vrproj/Content/StarterContent/Materials/M_Brick_Clay_New.uasset" 530
"C:/Users/sls82/Desktop/vrproj/Content/StarterContent/Textures/T_Brick_Clay_Old_D.uasset" 531
"C:/Users/sls82/Desktop/vrproj/Content/StarterContent/Textures/T_Brick_Clay_Old_N.uasset" 532
"C:/Users/sls82/Desktop/vrproj/Content/StarterContent/Textures/T_Perlin_Noise_M.uasset" 533
"C:/Users/sls82/Desktop/vrproj/Content/StarterContent/Materials/M_Brick_Clay_Old.uasset" 534
"C:/Users/sls82/Desktop/vrproj/Content/StarterContent/Textures/T_Brick_Cut_Stone_D.uasset" 535
"C:/Users/sls82/Desktop/vrproj/Content/StarterContent/Textures/T_Brick_Cut_Stone_N.uasset" 536
"C:/Users/sls82/Desktop/vrproj/Content/StarterContent/Materials/M_Brick_Cut_Stone.uasset" 537
"C:/Users/sls82/Desktop/vrproj/Content/StarterContent/Textures/T_Brick_Hewn_Stone_D.uasset" 538
"C:/Users/sls82/Desktop/vrproj/Content/StarterContent/Textures/T_Brick_Hewn_Stone_M.uasset" 539
"C:/Users/sls82/Desktop/vrproj/Content/StarterContent/Textures/T_Brick_Hewn_Stone_N.uasset" 540
"C:/Users/sls82/Desktop/vrproj/Content/StarterContent/Materials/M_Brick_Hewn_Stone.uasset" 541
"C:/Users/sls82/Desktop/vrproj/Content/StarterContent/Textures/T_Ceramic_Tile_M.uasset" 542
"C:/Users/sls82/Desktop/vrproj/Content/StarterContent/Textures/T_Ceramic_Tile_N.uasset" 543
"C:/Users/sls82/Desktop/vrproj/Content/StarterContent/Textures/T_Rock_Marble_Polished_D.uasset" 544
"C:/Users/sls82/Desktop/vrproj/Content/StarterContent/Materials/M_Ceramic_Tile_Checker.uasset" 545
"C:/Users/sls82/Desktop/vrproj/Content/StarterContent/Textures/T_CobbleStone_Pebble_D.uasset" 546
"C:/Users/sls82/Desktop/vrproj/Content/StarterContent/Textures/T_CobbleStone_Pebble_M.uasset" 547
"C:/Users/sls82/Desktop/vrproj/Content/StarterContent/Textures/T_CobbleStone_Pebble_N.uasset" 548
"C:/Users/sls82/Desktop/vrproj/Content/StarterContent/Materials/M_CobbleStone_Pebble.uasset" 549
"C:/Users/sls82/Desktop/vrproj/Content/StarterContent/Textures/T_CobbleStone_Rough_D.uasset" 550
"C:/Users/sls82/Desktop/vrproj/Content/StarterContent/Textures/T_CobbleStone_Rough_N.uasset" 551
"C:/Users/sls82/Desktop/vrproj/Content/StarterContent/Textures/T_Gradinet_01.uasset" 552
"C:/Users/sls82/Desktop/vrproj/Content/StarterContent/Textures/T_Rock_Smooth_Granite_D.uasset" 553
"C:/Users/sls82/Desktop/vrproj/Content/StarterContent/Materials/M_CobbleStone_Rough.uasset" 554
"C:/Users/sls82/Desktop/vrproj/Content/StarterContent/Textures/T_CobbleStone_Smooth_D.uasset" 555
"C:/Users/sls82/Desktop/vrproj/Content/StarterContent/Textures/T_CobbleStone_Smooth_M.uasset" 556
"C:/Users/sls82/Desktop/vrproj/Content/StarterContent/Textures/T_CobbleStone_Smooth_N.uasset" 557
"C:/Users/sls82/Desktop/vrproj/Content/StarterContent/Materials/M_CobbleStone_Smooth.uasset" 558
"C:/Users/sls82/Desktop/vrproj/Content/StarterContent/Textures/T_Concrete_Grime_D.uasset" 559
"C:/Users/sls82/Desktop/vrproj/Content/StarterContent/Textures/T_Metal_Rust_N.uasset" 560
"C:/Users/sls82/Desktop/vrproj/Content/StarterContent/Materials/M_Concrete_Grime.uasset" 561
"C:/Users/sls82/Desktop/vrproj/Content/StarterContent/Textures/T_Concrete_Panels_D.uasset" 562
"C:/Users/sls82/Desktop/vrproj/Content/StarterContent/Textures/T_Concrete_Panels_N.uasset" 563
"C:/Users/sls82/Desktop/vrproj/Content/StarterContent/Materials/M_Concrete_Panels.uasset" 564
"C:/Users/sls82/Desktop/vrproj/Content/StarterContent/Textures/T_Concrete_Poured_D.uasset" 565
"C:/Users/sls82/Desktop/vrproj/Content/StarterContent/Textures/T_Concrete_Poured_N.uasset" 566
"C:/Users/sls82/Desktop/vrproj/Content/StarterContent/Materials/M_Concrete_Poured.uasset" 567
"C:/Users/sls82/Desktop/vrproj/Content/StarterContent/Textures/T_Concrete_Tiles_D.uasset" 568
"C:/Users/sls82/Desktop/vrproj/Content/StarterContent/Textures/T_Concrete_Tiles_M.uasset" 569
"C:/Users/sls82/Desktop/vrproj/Content/StarterContent/Textures/T_Concrete_Tiles_N.uasset" 570
"C:/Users/sls82/Desktop/vrproj/Content/StarterContent/Textures/T_Concrete_Tiles_Variation_M.uasset" 571
"C:/Users/sls82/Desktop/vrproj/Content/StarterContent/Materials/M_Concrete_Tiles.uasset" 572
"C:/Users/sls82/Desktop/vrproj/Content/StarterContent/Textures/T_Ground_Grass_D.uasset" 573
"C:/Users/sls82/Desktop/vrproj/Content/StarterContent/Textures/T_Ground_Grass_N.uasset" 574
"C:/Users/sls82/Desktop/vrproj/Content/StarterContent/Materials/M_Ground_Grass.uasset" 575
"C:/Users/sls82/Desktop/vrproj/Content/StarterContent/Materials/M_Ground_Gravel.uasset" 576
"C:/Users/sls82/Desktop/vrproj/Content/StarterContent/Textures/T_ground_Moss_D.uasset" 577
"C:/Users/sls82/Desktop/vrproj/Content/StarterContent/Textures/T_Ground_Moss_N.uasset" 578
"C:/Users/sls82/Desktop/vrproj/Content/StarterContent/Materials/M_Ground_Moss.uasset" 579
"C:/Users/sls82/Desktop/vrproj/Content/StarterContent/Materials/M_Metal_Chrome.uasset" 580
"C:/Users/sls82/Desktop/vrproj/Content/StarterContent/Textures/T_Metal_Gold_D.uasset" 581
"C:/Users/sls82/Desktop/vrproj/Content/StarterContent/Materials/M_Metal_Gold.uasset" 582
"C:/Users/sls82/Desktop/vrproj/Content/StarterContent/Textures/T_Metal_Rust_D.uasset" 583
"C:/Users/sls82/Desktop/vrproj/Content/StarterContent/Materials/M_Metal_Rust.uasset" 584
"C:/Users/sls82/Desktop/vrproj/Content/StarterContent/Textures/T_Metal_Steel_D.uasset" 585
"C:/Users/sls82/Desktop/vrproj/Content/StarterContent/Textures/T_Metal_Steel_N.uasset" 586
"C:/Users/sls82/Desktop/vrproj/Content/StarterContent/Materials/M_Metal_Steel.uasset" 587
"C:/Users/sls82/Desktop/vrproj/Content/StarterContent/Materials/M_Rock_Basalt.uasset" 588
"C:/Users/sls82/Desktop/vrproj/Content/StarterContent/Materials/M_Rock_Marble_Polished.uasset" 589
"C:/Users/sls82/Desktop/vrproj/Content/StarterContent/Textures/T_Rock_Sandstone_D.uasset" 590
"C:/Users/sls82/Desktop/vrproj/Content/StarterContent/Textures/T_Rock_Sandstone_N.uasset" 591
"C:/Users/sls82/Desktop/vrproj/Content/StarterContent/Materials/M_Rock_Sandstone.uasset" 592
"C:/Users/sls82/Desktop/vrproj/Content/StarterContent/Materials/M_Rock_Slate.uasset" 593
"C:/Users/sls82/Desktop/vrproj/Content/StarterContent/Textures/T_Checker_Noise_M.uasset" 594
"C:/Users/sls82/Desktop/vrproj/Content/StarterContent/Textures/T_Single_Tile_N.uasset" 595
"C:/Users/sls82/Desktop/vrproj/Content/StarterContent/Textures/T_Tech_Dot_M.uasset" 596
"C:/Users/sls82/Desktop/vrproj/Content/StarterContent/Textures/T_Tech_Dot_N.uasset" 597
"C:/Users/sls82/Desktop/vrproj/Content/StarterContent/Materials/M_Tech_Checker_Dot.uasset" 598
"C:/Users/sls82/Desktop/vrproj/Content/StarterContent/Textures/T_Tech_Hex_Tile_M.uasset" 599
"C:/Users/sls82/Desktop/vrproj/Content/StarterContent/Textures/T_Tech_Hex_Tile_N.uasset" 600
"C:/Users/sls82/Desktop/vrproj/Content/StarterContent/Materials/M_Tech_Hex_Tile.uasset" 601
"C:/Users/sls82/Desktop/vrproj/Content/StarterContent/Materials/M_Tech_Hex_Tile_Pulse.uasset" 602
"C:/Users/sls82/Desktop/vrproj/Content/StarterContent/Textures/T_Tech_Panel_M.uasset" 603
"C:/Users/sls82/Desktop/vrproj/Content/StarterContent/Textures/T_Tech_Panel_N.uasset" 604
"C:/Users/sls82/Desktop/vrproj/Content/StarterContent/Materials/M_Tech_Panel.uasset" 605
"C:/Users/sls82/Desktop/vrproj/Content/StarterContent/Materials/M_Water_Lake.uasset" 606
"C:/Users/sls82/Desktop/vrproj/Content/StarterContent/Textures/T_Water_M.uasset" 607
"C:/Users/sls82/Desktop/vrproj/Content/StarterContent/Materials/M_Water_Ocean.uasset" 608
"C:/Users/sls82/Desktop/vrproj/Content/StarterContent/Textures/T_Wood_Floor_Walnut_D.uasset" 609
"C:/Users/sls82/Desktop/vrproj/Content/StarterContent/Textures/T_Wood_Floor_Walnut_M.uasset" 610
"C:/Users/sls82/Desktop/vrproj/Content/StarterContent/Textures/T_Wood_Floor_Walnut_N.uasset" 611
"C:/Users/sls82/Desktop/vrproj/Content/StarterContent/Materials/M_Wood_Floor_Walnut_Polished.uasset" 612
"../../../Engine/Content/Functions/Engine_MaterialFunctions01/Opacity/AlphaOffset.uasset" 613
"C:/Users/sls82/Desktop/vrproj/Content/StarterContent/Materials/M_Wood_Floor_Walnut_Worn.uasset" 614
"C:/Users/sls82/Desktop/vrproj/Content/StarterContent/Textures/T_Wood_Oak_D.uasset" 615
"C:/Users/sls82/Desktop/vrproj/Content/StarterContent/Textures/T_Wood_Oak_N.uasset" 616
"C:/Users/sls82/Desktop/vrproj/Content/StarterContent/Materials/M_Wood_Oak.uasset" 617
"C:/Users/sls82/Desktop/vrproj/Content/StarterContent/Textures/T_Wood_Pine_D.uasset" 618
"C:/Users/sls82/Desktop/vrproj/Content/StarterContent/Textures/T_Wood_Pine_N.uasset" 619
"C:/Users/sls82/Desktop/vrproj/Content/StarterContent/Materials/M_Wood_Pine.uasset" 620
"C:/Users/sls82/Desktop/vrproj/Content/StarterContent/Textures/T_Wood_Walnut_D.uasset" 621
"C:/Users/sls82/Desktop/vrproj/Content/StarterContent/Textures/T_Wood_Walnut_N.uasset" 622
"C:/Users/sls82/Desktop/vrproj/Content/StarterContent/Materials/M_Wood_Walnut.uasset" 623
"C:/Users/sls82/Desktop/vrproj/Content/StarterContent/Architecture/Wall_400x200.uasset" 624
"C:/Users/sls82/Desktop/vrproj/Content/StarterContent/Architecture/Wall_Door_400x300.uasset" 625
"C:/Users/sls82/Desktop/vrproj/Content/StarterContent/Architecture/Wall_Window_400x300.uasset" 626
"C:/Users/sls82/Desktop/vrproj/Content/StarterContent/Audio/Collapse_Cue.uasset" 627
"C:/Users/sls82/Desktop/vrproj/Content/StarterContent/Audio/Starter_Music_Cue.uasset" 628
"C:/Users/sls82/Desktop/vrproj/Content/StarterContent/Textures/T_Dust_Particle_D.uasset" 629
"C:/Users/sls82/Desktop/vrproj/Content/StarterContent/Particles/Materials/M_Dust_Particle.uasset" 630
"C:/Users/sls82/Desktop/vrproj/Content/StarterContent/Particles/P_Ambient_Dust.uasset" 631
"C:/Users/sls82/Desktop/vrproj/Content/StarterContent/Props/MaterialSphere.uasset" 632
"C:/Users/sls82/Desktop/vrproj/Content/StarterContent/Textures/T_Frame_M.uasset" 633
"C:/Users/sls82/Desktop/vrproj/Content/StarterContent/Textures/T_Frame_N.uasset" 634
"C:/Users/sls82/Desktop/vrproj/Content/StarterContent/Props/Materials/M_Frame.uasset" 635
"C:/Users/sls82/Desktop/vrproj/Content/StarterContent/Props/SM_CornerFrame.uasset" 636
"C:/Users/sls82/Desktop/vrproj/Content/StarterContent/Props/SM_DoorFrame.uasset" 637
"C:/Users/sls82/Desktop/vrproj/Content/StarterContent/Props/SM_GlassWindow.uasset" 638
"C:/Users/sls82/Desktop/vrproj/Content/StarterContent/Props/SM_PillarFrame.uasset" 639
"C:/Users/sls82/Desktop/vrproj/Content/StarterContent/Props/SM_PillarFrame300.uasset" 640
"C:/Users/sls82/Desktop/vrproj/Content/StarterContent/Props/SM_WindowFrame.uasset" 641
"C:/Users/sls82/Desktop/vrproj/Content/StarterContent/Shapes/Shape_Cube.uasset" 642
"C:/Users/sls82/Desktop/vrproj/Content/StarterContent/Shapes/Shape_QuadPyramid.uasset" 643
"C:/Users/sls82/Desktop/vrproj/Content/StarterContent/Shapes/Shape_Sphere.uasset" 644
"C:/Users/sls82/Desktop/vrproj/Content/StarterContent/Maps/StarterMap.umap" 645
"C:/Users/sls82/Desktop/vrproj/Content/VirtualRealityBP/Blueprints/HMDLocomotionPawn.uasset" 646
"C:/Users/sls82/Desktop/vrproj/Content/VirtualRealityBP/Maps/HMDLocomotionMap_BuiltData.uasset" 647
"C:/Users/sls82/Desktop/vrproj/Content/VirtualReality/Materials/M_BaseMaterial.uasset" 648
"C:/Users/sls82/Desktop/vrproj/Content/VirtualReality/Materials/MI_BaseMaterial2.uasset" 649
"C:/Users/sls82/Desktop/vrproj/Content/VirtualReality/Materials/MI_BaseMaterial3.uasset" 650
"C:/Users/sls82/Desktop/vrproj/Content/Geometry/Meshes/1M_Cube.uasset" 651
"C:/Users/sls82/Desktop/vrproj/Content/VirtualRealityBP/Maps/HMDLocomotionMap.umap" 652
"C:/Users/sls82/Desktop/vrproj/Content/VirtualReality/Materials/MI_SmallCubes.uasset" 653
"C:/Users/sls82/Desktop/vrproj/Content/VirtualRealityBP/Blueprints/BP_PickupCube.uasset" 654
"C:/Users/sls82/Desktop/vrproj/Content/VirtualRealityBP/Maps/MotionControllerMap_BuiltData.uasset" 655
"C:/Users/sls82/Desktop/vrproj/Content/VirtualRealityBP/Maps/MotionControllerMap.umap" 656
"C:/Users/sls82/Desktop/vrproj/Content/VirtualRealityBP/Maps/StartupMap_BuiltData.uasset" 657
"C:/Users/sls82/Desktop/vrproj/Content/VirtualRealityBP/Maps/StartupMap.umap" 658
"C:/Users/sls82/Desktop/vrproj/Content/WaterPlane/Lake/Textures/T_MediumWaves_H.uasset" 659
"C:/Users/sls82/Desktop/vrproj/Content/WaterPlane/Lake/Textures/T_MediumWaves_N.uasset" 660
"C:/Users/sls82/Desktop/vrproj/Content/WaterPlane/Lake/Materials/M_LakeWater_01.uasset" 661
"C:/Users/sls82/Desktop/vrproj/Content/WaterPlane/Lake/Materials/M_LakeWater_01_Inst.uasset" 662
"C:/Users/sls82/Desktop/vrproj/Content/WaterPlane/Lake/Blueprint/BP_LakeWater.uasset" 663
"C:/Users/sls82/Desktop/vrproj/Content/WaterPlane/Maps/LakeWater_Example.umap" 664
"C:/Users/sls82/Desktop/vrproj/Content/WaterPlane/Maps/OceanWater_Example.umap" 665
"C:/Users/sls82/Desktop/vrproj/Content/WaterPlane/Environment/HDRI/HDRI_Epic_Courtyard_Daylight.uasset" 666
"C:/Users/sls82/Desktop/vrproj/Content/WaterPlane/Translucent/Materials/M_TranslucentWater.uasset" 667
"C:/Users/sls82/Desktop/vrproj/Content/WaterPlane/Translucent/Materials/M_TranslucentWater_Inst.uasset" 668
"C:/Users/sls82/Desktop/vrproj/Content/WaterPlane/Translucent/Blueprint/BP_TranslucentWater.uasset" 669
"C:/Users/sls82/Desktop/vrproj/Content/WaterPlane/Environment/Textures/T_MacroVariation.uasset" 670
"C:/Users/sls82/Desktop/vrproj/Content/WaterPlane/Environment/Textures/T_Perlin_Noise_M.uasset" 671
"C:/Users/sls82/Desktop/vrproj/Content/WaterPlane/Environment/Textures/T_Rock_Basalt_N.uasset" 672
"C:/Users/sls82/Desktop/vrproj/Content/WaterPlane/Environment/Materials/M_Rock_Basalt.uasset" 673
"C:/Users/sls82/Desktop/vrproj/Content/WaterPlane/Maps/TranslucentWater_Example.umap" 674
"../../../Engine/Content/Maps/Entry_BuiltData.uasset" 675
"../../../Engine/Content/Maps/Entry.umap" 676
